# JRE version: Java(TM) SE Runtime Environment 18.9 (11.0.13+10) (build 11.0.13+10-LTS-370)
# Java VM: Java HotSpot(TM) 64-Bit Server VM 18.9 (11.0.13+10-LTS-370, mixed mode, tiered, compressed oops, g1 gc, windows-amd64)
Heap:
 garbage-first heap   total 258048K, used 56067K [0x0000000705000000, 0x0000000800000000)
  region size 1024K, 53 young (54272K), 8 survivors (8192K)
 Metaspace       used 30077K, capacity 30896K, committed 30976K, reserved 1077248K
  class space    used 3450K, capacity 3772K, committed 3840K, reserved 1048576K
GC Heap History (6 events):
Event: 0.593 GC heap before
{Heap before GC invocations=0 (full 0):
 garbage-first heap   total 258048K, used 24576K [0x0000000705000000, 0x0000000800000000)
  region size 1024K, 24 young (24576K), 0 survivors (0K)
 Metaspace       used 10904K, capacity 11154K, committed 11392K, reserved 1058816K
  class space    used 1043K, capacity 1099K, committed 1152K, reserved 1048576K
}
Event: 0.596 GC heap after
{Heap after GC invocations=1 (full 0):
 garbage-first heap   total 258048K, used 6461K [0x0000000705000000, 0x0000000800000000)
  region size 1024K, 3 young (3072K), 3 survivors (3072K)
 Metaspace       used 10904K, capacity 11154K, committed 11392K, reserved 1058816K
  class space    used 1043K, capacity 1099K, committed 1152K, reserved 1048576K
}
Event: 1.196 GC heap before
{Heap before GC invocations=1 (full 0):
 garbage-first heap   total 258048K, used 96573K [0x0000000705000000, 0x0000000800000000)
  region size 1024K, 93 young (95232K), 3 survivors (3072K)
 Metaspace       used 20640K, capacity 21146K, committed 21296K, reserved 1069056K
  class space    used 2230K, capacity 2455K, committed 2560K, reserved 1048576K
}
Event: 1.202 GC heap after
{Heap after GC invocations=2 (full 0):
 garbage-first heap   total 258048K, used 8748K [0x0000000705000000, 0x0000000800000000)
  region size 1024K, 6 young (6144K), 6 survivors (6144K)
 Metaspace       used 20640K, capacity 21146K, committed 21296K, reserved 1069056K
  class space    used 2230K, capacity 2455K, committed 2560K, reserved 1048576K
}
Event: 1.866 GC heap before
{Heap before GC invocations=3 (full 0):
 garbage-first heap   total 258048K, used 99884K [0x0000000705000000, 0x0000000800000000)
  region size 1024K, 96 young (98304K), 6 survivors (6144K)
 Metaspace       used 25883K, capacity 26526K, committed 26752K, reserved 1073152K
  class space    used 2892K, capacity 3185K, committed 3200K, reserved 1048576K
}
Event: 1.871 GC heap after
{Heap after GC invocations=4 (full 0):
 garbage-first heap   total 258048K, used 11011K [0x0000000705000000, 0x0000000800000000)
  region size 1024K, 8 young (8192K), 8 survivors (8192K)
 Metaspace       used 25883K, capacity 26526K, committed 26752K, reserved 1073152K
  class space    used 2892K, capacity 3185K, committed 3200K, reserved 1048576K
}

